{"meta": {"format": 3, "version": "7.10.3", "timestamp": "2025-08-14T17:16:56.871461", "branch_coverage": false, "show_contexts": false}, "files": {"services/dashboard/api/__init__.py": {"executed_lines": [1, 3, 6, 9], "summary": {"covered_lines": 4, "num_statements": 4, "percent_covered": 100.0, "percent_covered_display": "100", "missing_lines": 0, "excluded_lines": 0}, "missing_lines": [], "excluded_lines": [], "functions": {"": {"executed_lines": [1, 3, 6, 9], "summary": {"covered_lines": 4, "num_statements": 4, "percent_covered": 100.0, "percent_covered_display": "100", "missing_lines": 0, "excluded_lines": 0}, "missing_lines": [], "excluded_lines": []}}, "classes": {"": {"executed_lines": [1, 3, 6, 9], "summary": {"covered_lines": 4, "num_statements": 4, "percent_covered": 100.0, "percent_covered_display": "100", "missing_lines": 0, "excluded_lines": 0}, "missing_lines": [], "excluded_lines": []}}}, "services/dashboard/api/dependencies.py": {"executed_lines": [1, 4, 5, 6, 8, 9, 10, 11, 14, 15, 18, 19, 20, 21, 22, 25, 27, 29, 48], "summary": {"covered_lines": 18, "num_statements": 32, "percent_covered": 56.25, "percent_covered_display": "56", "missing_lines": 14, "excluded_lines": 0}, "missing_lines": [34, 42, 43, 46, 53, 59, 60, 61, 63, 64, 66, 68, 69, 70], "excluded_lines": [], "functions": {"get_clickhouse_client": {"executed_lines": [], "summary": {"covered_lines": 0, "num_statements": 4, "percent_covered": 0.0, "percent_covered_display": "0", "missing_lines": 4, "excluded_lines": 0}, "missing_lines": [34, 42, 43, 46], "excluded_lines": []}, "get_current_user": {"executed_lines": [], "summary": {"covered_lines": 0, "num_statements": 10, "percent_covered": 0.0, "percent_covered_display": "0", "missing_lines": 10, "excluded_lines": 0}, "missing_lines": [53, 59, 60, 61, 63, 64, 66, 68, 69, 70], "excluded_lines": []}, "": {"executed_lines": [1, 4, 5, 6, 8, 9, 10, 11, 14, 15, 18, 19, 20, 21, 22, 25, 27, 29, 48], "summary": {"covered_lines": 18, "num_statements": 18, "percent_covered": 100.0, "percent_covered_display": "100", "missing_lines": 0, "excluded_lines": 0}, "missing_lines": [], "excluded_lines": []}}, "classes": {"": {"executed_lines": [1, 4, 5, 6, 8, 9, 10, 11, 14, 15, 18, 19, 20, 21, 22, 25, 27, 29, 48], "summary": {"covered_lines": 18, "num_statements": 32, "percent_covered": 56.25, "percent_covered_display": "56", "missing_lines": 14, "excluded_lines": 0}, "missing_lines": [34, 42, 43, 46, 53, 59, 60, 61, 63, 64, 66, 68, 69, 70], "excluded_lines": []}}}, "services/dashboard/api/models.py": {"executed_lines": [1, 4, 5, 6, 10, 11, 12, 13, 16, 17, 18, 21, 22, 23, 24, 29, 30, 31, 32, 33, 34, 37, 38, 39, 40, 41, 42, 43, 46, 47, 48, 51, 52, 53, 54, 55, 56, 57, 58, 61, 62, 63, 64, 65, 66, 69, 70, 71, 74, 75, 76, 77, 78, 79], "summary": {"covered_lines": 43, "num_statements": 43, "percent_covered": 100.0, "percent_covered_display": "100", "missing_lines": 0, "excluded_lines": 0}, "missing_lines": [], "excluded_lines": [], "functions": {"": {"executed_lines": [1, 4, 5, 6, 10, 11, 12, 13, 16, 17, 18, 21, 22, 23, 24, 29, 30, 31, 32, 33, 34, 37, 38, 39, 40, 41, 42, 43, 46, 47, 48, 51, 52, 53, 54, 55, 56, 57, 58, 61, 62, 63, 64, 65, 66, 69, 70, 71, 74, 75, 76, 77, 78, 79], "summary": {"covered_lines": 43, "num_statements": 43, "percent_covered": 100.0, "percent_covered_display": "100", "missing_lines": 0, "excluded_lines": 0}, "missing_lines": [], "excluded_lines": []}}, "classes": {"Token": {"executed_lines": [], "summary": {"covered_lines": 0, "num_statements": 0, "percent_covered": 100.0, "percent_covered_display": "100", "missing_lines": 0, "excluded_lines": 0}, "missing_lines": [], "excluded_lines": []}, "TokenData": {"executed_lines": [], "summary": {"covered_lines": 0, "num_statements": 0, "percent_covered": 100.0, "percent_covered_display": "100", "missing_lines": 0, "excluded_lines": 0}, "missing_lines": [], "excluded_lines": []}, "LoginRequest": {"executed_lines": [], "summary": {"covered_lines": 0, "num_statements": 0, "percent_covered": 100.0, "percent_covered_display": "100", "missing_lines": 0, "excluded_lines": 0}, "missing_lines": [], "excluded_lines": []}, "UserProfile": {"executed_lines": [], "summary": {"covered_lines": 0, "num_statements": 0, "percent_covered": 100.0, "percent_covered_display": "100", "missing_lines": 0, "excluded_lines": 0}, "missing_lines": [], "excluded_lines": []}, "Position": {"executed_lines": [], "summary": {"covered_lines": 0, "num_statements": 0, "percent_covered": 100.0, "percent_covered_display": "100", "missing_lines": 0, "excluded_lines": 0}, "missing_lines": [], "excluded_lines": []}, "PositionsResponse": {"executed_lines": [], "summary": {"covered_lines": 0, "num_statements": 0, "percent_covered": 100.0, "percent_covered_display": "100", "missing_lines": 0, "excluded_lines": 0}, "missing_lines": [], "excluded_lines": []}, "Shop": {"executed_lines": [], "summary": {"covered_lines": 0, "num_statements": 0, "percent_covered": 100.0, "percent_covered_display": "100", "missing_lines": 0, "excluded_lines": 0}, "missing_lines": [], "excluded_lines": []}, "Promotion": {"executed_lines": [], "summary": {"covered_lines": 0, "num_statements": 0, "percent_covered": 100.0, "percent_covered_display": "100", "missing_lines": 0, "excluded_lines": 0}, "missing_lines": [], "excluded_lines": []}, "PromotionsResponse": {"executed_lines": [], "summary": {"covered_lines": 0, "num_statements": 0, "percent_covered": 100.0, "percent_covered_display": "100", "missing_lines": 0, "excluded_lines": 0}, "missing_lines": [], "excluded_lines": []}, "UserStats": {"executed_lines": [], "summary": {"covered_lines": 0, "num_statements": 0, "percent_covered": 100.0, "percent_covered_display": "100", "missing_lines": 0, "excluded_lines": 0}, "missing_lines": [], "excluded_lines": []}, "": {"executed_lines": [1, 4, 5, 6, 10, 11, 12, 13, 16, 17, 18, 21, 22, 23, 24, 29, 30, 31, 32, 33, 34, 37, 38, 39, 40, 41, 42, 43, 46, 47, 48, 51, 52, 53, 54, 55, 56, 57, 58, 61, 62, 63, 64, 65, 66, 69, 70, 71, 74, 75, 76, 77, 78, 79], "summary": {"covered_lines": 43, "num_statements": 43, "percent_covered": 100.0, "percent_covered_display": "100", "missing_lines": 0, "excluded_lines": 0}, "missing_lines": [], "excluded_lines": []}}}, "services/dashboard/api/routes.py": {"executed_lines": [1, 4, 5, 6, 7, 9, 10, 12, 16, 18, 19, 21, 22, 53, 54, 90, 91, 133, 134, 174, 175, 284], "summary": {"covered_lines": 21, "num_statements": 83, "percent_covered": 25.301204819277107, "percent_covered_display": "25", "missing_lines": 62, "excluded_lines": 0}, "missing_lines": [28, 30, 38, 40, 41, 46, 59, 60, 72, 74, 75, 77, 78, 97, 99, 100, 101, 102, 103, 105, 107, 118, 123, 124, 126, 141, 143, 157, 163, 164, 165, 172, 187, 189, 191, 211, 218, 219, 220, 253, 254, 256, 257, 258, 259, 260, 262, 271, 272, 274, 276, 277, 280, 281, 289, 312, 314, 315, 316, 318, 327, 328], "excluded_lines": [], "functions": {"get_user_profile": {"executed_lines": [], "summary": {"covered_lines": 0, "num_statements": 6, "percent_covered": 0.0, "percent_covered_display": "0", "missing_lines": 6, "excluded_lines": 0}, "missing_lines": [28, 30, 38, 40, 41, 46], "excluded_lines": []}, "get_user_positions": {"executed_lines": [], "summary": {"covered_lines": 0, "num_statements": 7, "percent_covered": 0.0, "percent_covered_display": "0", "missing_lines": 7, "excluded_lines": 0}, "missing_lines": [59, 60, 72, 74, 75, 77, 78], "excluded_lines": []}, "get_user_stats": {"executed_lines": [], "summary": {"covered_lines": 0, "num_statements": 12, "percent_covered": 0.0, "percent_covered_display": "0", "missing_lines": 12, "excluded_lines": 0}, "missing_lines": [97, 99, 100, 101, 102, 103, 105, 107, 118, 123, 124, 126], "excluded_lines": []}, "get_user_promotions": {"executed_lines": [], "summary": {"covered_lines": 0, "num_statements": 7, "percent_covered": 0.0, "percent_covered_display": "0", "missing_lines": 7, "excluded_lines": 0}, "missing_lines": [141, 143, 157, 163, 164, 165, 172], "excluded_lines": []}, "get_shops_in_area": {"executed_lines": [], "summary": {"covered_lines": 0, "num_statements": 22, "percent_covered": 0.0, "percent_covered_display": "0", "missing_lines": 22, "excluded_lines": 0}, "missing_lines": [187, 189, 191, 211, 218, 219, 220, 253, 254, 256, 257, 258, 259, 260, 262, 271, 272, 274, 276, 277, 280, 281], "excluded_lines": []}, "generate_fallback_pois": {"executed_lines": [], "summary": {"covered_lines": 0, "num_statements": 8, "percent_covered": 0.0, "percent_covered_display": "0", "missing_lines": 8, "excluded_lines": 0}, "missing_lines": [289, 312, 314, 315, 316, 318, 327, 328], "excluded_lines": []}, "": {"executed_lines": [1, 4, 5, 6, 7, 9, 10, 12, 16, 18, 19, 21, 22, 53, 54, 90, 91, 133, 134, 174, 175, 284], "summary": {"covered_lines": 21, "num_statements": 21, "percent_covered": 100.0, "percent_covered_display": "100", "missing_lines": 0, "excluded_lines": 0}, "missing_lines": [], "excluded_lines": []}}, "classes": {"": {"executed_lines": [1, 4, 5, 6, 7, 9, 10, 12, 16, 18, 19, 21, 22, 53, 54, 90, 91, 133, 134, 174, 175, 284], "summary": {"covered_lines": 21, "num_statements": 83, "percent_covered": 25.301204819277107, "percent_covered_display": "25", "missing_lines": 62, "excluded_lines": 0}, "missing_lines": [28, 30, 38, 40, 41, 46, 59, 60, 72, 74, 75, 77, 78, 97, 99, 100, 101, 102, 103, 105, 107, 118, 123, 124, 126, 141, 143, 157, 163, 164, 165, 172, 187, 189, 191, 211, 218, 219, 220, 253, 254, 256, 257, 258, 259, 260, 262, 271, 272, 274, 276, 277, 280, 281, 289, 312, 314, 315, 316, 318, 327, 328], "excluded_lines": []}}}, "services/dashboard/auth.py": {"executed_lines": [2, 3, 4, 5, 7, 8, 9, 10, 12, 15, 16, 17, 20, 21, 22, 23, 24, 27, 30, 38, 72, 82, 85, 86, 89, 91, 93, 94, 99, 139], "summary": {"covered_lines": 30, "num_statements": 70, "percent_covered": 42.857142857142854, "percent_covered_display": "43", "missing_lines": 40, "excluded_lines": 0}, "missing_lines": [49, 50, 51, 53, 54, 55, 57, 61, 62, 63, 65, 66, 68, 69, 70, 95, 96, 97, 113, 119, 121, 124, 126, 127, 129, 131, 132, 133, 134, 135, 136, 153, 155, 163, 164, 165, 170, 172, 173, 174], "excluded_lines": [], "functions": {"authenticate_user": {"executed_lines": [], "summary": {"covered_lines": 0, "num_statements": 15, "percent_covered": 0.0, "percent_covered_display": "0", "missing_lines": 15, "excluded_lines": 0}, "missing_lines": [49, 50, 51, 53, 54, 55, 57, 61, 62, 63, 65, 66, 68, 69, 70], "excluded_lines": []}, "create_access_token": {"executed_lines": [82, 85, 86, 89, 91, 93, 94], "summary": {"covered_lines": 7, "num_statements": 10, "percent_covered": 70.0, "percent_covered_display": "70", "missing_lines": 3, "excluded_lines": 0}, "missing_lines": [95, 96, 97], "excluded_lines": []}, "get_current_user": {"executed_lines": [], "summary": {"covered_lines": 0, "num_statements": 13, "percent_covered": 0.0, "percent_covered_display": "0", "missing_lines": 13, "excluded_lines": 0}, "missing_lines": [113, 119, 121, 124, 126, 127, 129, 131, 132, 133, 134, 135, 136], "excluded_lines": []}, "refresh_token": {"executed_lines": [], "summary": {"covered_lines": 0, "num_statements": 9, "percent_covered": 0.0, "percent_covered_display": "0", "missing_lines": 9, "excluded_lines": 0}, "missing_lines": [153, 155, 163, 164, 165, 170, 172, 173, 174], "excluded_lines": []}, "": {"executed_lines": [2, 3, 4, 5, 7, 8, 9, 10, 12, 15, 16, 17, 20, 21, 22, 23, 24, 27, 30, 38, 72, 99, 139], "summary": {"covered_lines": 23, "num_statements": 23, "percent_covered": 100.0, "percent_covered_display": "100", "missing_lines": 0, "excluded_lines": 0}, "missing_lines": [], "excluded_lines": []}}, "classes": {"": {"executed_lines": [2, 3, 4, 5, 7, 8, 9, 10, 12, 15, 16, 17, 20, 21, 22, 23, 24, 27, 30, 38, 72, 82, 85, 86, 89, 91, 93, 94, 99, 139], "summary": {"covered_lines": 30, "num_statements": 70, "percent_covered": 42.857142857142854, "percent_covered_display": "43", "missing_lines": 40, "excluded_lines": 0}, "missing_lines": [49, 50, 51, 53, 54, 55, 57, 61, 62, 63, 65, 66, 68, 69, 70, 95, 96, 97, 113, 119, 121, 124, 126, 127, 129, 131, 132, 133, 134, 135, 136, 153, 155, 163, 164, 165, 170, 172, 173, 174], "excluded_lines": []}}}, "services/dashboard/main_user.py": {"executed_lines": [3, 4, 5, 6, 7, 9, 10, 11, 12, 13, 14, 15, 18, 19, 20, 23, 26, 27, 30, 33, 42, 43, 50, 53, 54, 56, 57, 59, 60, 63, 64, 69, 70, 72, 73, 74, 77, 78, 88, 89, 91, 93, 95, 96, 97, 98, 100, 101, 102, 103, 104, 105, 107, 108, 109, 110, 112, 113, 114, 115, 116, 118, 141, 143, 171, 172, 280, 281, 282, 283], "summary": {"covered_lines": 70, "num_statements": 136, "percent_covered": 51.470588235294116, "percent_covered_display": "51", "missing_lines": 66, "excluded_lines": 0}, "missing_lines": [58, 66, 80, 111, 120, 121, 123, 126, 127, 130, 132, 135, 136, 138, 145, 146, 157, 166, 167, 168, 173, 175, 177, 179, 180, 182, 183, 184, 185, 188, 189, 194, 196, 197, 198, 199, 201, 202, 203, 204, 205, 208, 211, 217, 226, 228, 241, 243, 244, 245, 247, 256, 258, 259, 261, 266, 269, 271, 272, 273, 274, 275, 276, 277, 284, 285], "excluded_lines": [], "functions": {"login_for_access_token": {"executed_lines": [56, 57, 59, 60], "summary": {"covered_lines": 4, "num_statements": 5, "percent_covered": 80.0, "percent_covered_display": "80", "missing_lines": 1, "excluded_lines": 0}, "missing_lines": [58], "excluded_lines": []}, "root": {"executed_lines": [], "summary": {"covered_lines": 0, "num_statements": 1, "percent_covered": 0.0, "percent_covered_display": "0", "missing_lines": 1, "excluded_lines": 0}, "missing_lines": [66], "excluded_lines": []}, "user_dashboard": {"executed_lines": [72, 73, 74], "summary": {"covered_lines": 3, "num_statements": 3, "percent_covered": 100.0, "percent_covered_display": "100", "missing_lines": 0, "excluded_lines": 0}, "missing_lines": [], "excluded_lines": []}, "debug_env": {"executed_lines": [], "summary": {"covered_lines": 0, "num_statements": 1, "percent_covered": 0.0, "percent_covered_display": "0", "missing_lines": 1, "excluded_lines": 0}, "missing_lines": [80], "excluded_lines": []}, "ConnectionManager.__init__": {"executed_lines": [91, 93], "summary": {"covered_lines": 2, "num_statements": 2, "percent_covered": 100.0, "percent_covered_display": "100", "missing_lines": 0, "excluded_lines": 0}, "missing_lines": [], "excluded_lines": []}, "ConnectionManager.connect": {"executed_lines": [96, 97, 98], "summary": {"covered_lines": 3, "num_statements": 3, "percent_covered": 100.0, "percent_covered_display": "100", "missing_lines": 0, "excluded_lines": 0}, "missing_lines": [], "excluded_lines": []}, "ConnectionManager.disconnect": {"executed_lines": [101, 102, 103, 104, 105], "summary": {"covered_lines": 5, "num_statements": 5, "percent_covered": 100.0, "percent_covered_display": "100", "missing_lines": 0, "excluded_lines": 0}, "missing_lines": [], "excluded_lines": []}, "ConnectionManager.send_position_update": {"executed_lines": [108, 109, 110, 112, 113, 114, 115, 116], "summary": {"covered_lines": 8, "num_statements": 9, "percent_covered": 88.88888888888889, "percent_covered_display": "89", "missing_lines": 1, "excluded_lines": 0}, "missing_lines": [111], "excluded_lines": []}, "ConnectionManager.has_position_changed": {"executed_lines": [], "summary": {"covered_lines": 0, "num_statements": 10, "percent_covered": 0.0, "percent_covered_display": "0", "missing_lines": 10, "excluded_lines": 0}, "missing_lines": [120, 121, 123, 126, 127, 130, 132, 135, 136, 138], "excluded_lines": []}, "get_visited_shops": {"executed_lines": [], "summary": {"covered_lines": 0, "num_statements": 6, "percent_covered": 0.0, "percent_covered_display": "0", "missing_lines": 6, "excluded_lines": 0}, "missing_lines": [145, 146, 157, 166, 167, 168], "excluded_lines": []}, "websocket_positions": {"executed_lines": [], "summary": {"covered_lines": 0, "num_statements": 44, "percent_covered": 0.0, "percent_covered_display": "0", "missing_lines": 44, "excluded_lines": 0}, "missing_lines": [173, 175, 177, 179, 180, 182, 183, 184, 185, 188, 189, 194, 196, 197, 198, 199, 201, 202, 203, 204, 205, 208, 211, 217, 226, 228, 241, 243, 244, 245, 247, 256, 258, 259, 261, 266, 269, 271, 272, 273, 274, 275, 276, 277], "excluded_lines": []}, "": {"executed_lines": [3, 4, 5, 6, 7, 9, 10, 11, 12, 13, 14, 15, 18, 19, 20, 23, 26, 27, 30, 33, 42, 43, 50, 53, 54, 63, 64, 69, 70, 77, 78, 88, 89, 95, 100, 107, 118, 141, 143, 171, 172, 280, 281, 282, 283], "summary": {"covered_lines": 45, "num_statements": 47, "percent_covered": 95.74468085106383, "percent_covered_display": "96", "missing_lines": 2, "excluded_lines": 0}, "missing_lines": [284, 285], "excluded_lines": []}}, "classes": {"ConnectionManager": {"executed_lines": [91, 93, 96, 97, 98, 101, 102, 103, 104, 105, 108, 109, 110, 112, 113, 114, 115, 116], "summary": {"covered_lines": 18, "num_statements": 29, "percent_covered": 62.06896551724138, "percent_covered_display": "62", "missing_lines": 11, "excluded_lines": 0}, "missing_lines": [111, 120, 121, 123, 126, 127, 130, 132, 135, 136, 138], "excluded_lines": []}, "": {"executed_lines": [3, 4, 5, 6, 7, 9, 10, 11, 12, 13, 14, 15, 18, 19, 20, 23, 26, 27, 30, 33, 42, 43, 50, 53, 54, 56, 57, 59, 60, 63, 64, 69, 70, 72, 73, 74, 77, 78, 88, 89, 95, 100, 107, 118, 141, 143, 171, 172, 280, 281, 282, 283], "summary": {"covered_lines": 52, "num_statements": 107, "percent_covered": 48.598130841121495, "percent_covered_display": "49", "missing_lines": 55, "excluded_lines": 0}, "missing_lines": [58, 66, 80, 145, 146, 157, 166, 167, 168, 173, 175, 177, 179, 180, 182, 183, 184, 185, 188, 189, 194, 196, 197, 198, 199, 201, 202, 203, 204, 205, 208, 211, 217, 226, 228, 241, 243, 244, 245, 247, 256, 258, 259, 261, 266, 269, 271, 272, 273, 274, 275, 276, 277, 284, 285], "excluded_lines": []}}}, "services/dashboard/metrics.py": {"executed_lines": [1, 2, 3, 4, 6, 8, 10, 11, 13, 24, 25], "summary": {"covered_lines": 10, "num_statements": 13, "percent_covered": 76.92307692307692, "percent_covered_display": "77", "missing_lines": 3, "excluded_lines": 0}, "missing_lines": [20, 21, 23], "excluded_lines": [], "functions": {"setup_metrics": {"executed_lines": [10, 11, 13, 24, 25], "summary": {"covered_lines": 5, "num_statements": 8, "percent_covered": 62.5, "percent_covered_display": "62", "missing_lines": 3, "excluded_lines": 0}, "missing_lines": [20, 21, 23], "excluded_lines": []}, "": {"executed_lines": [1, 2, 3, 4, 6, 8], "summary": {"covered_lines": 5, "num_statements": 5, "percent_covered": 100.0, "percent_covered_display": "100", "missing_lines": 0, "excluded_lines": 0}, "missing_lines": [], "excluded_lines": []}}, "classes": {"": {"executed_lines": [1, 2, 3, 4, 6, 8, 10, 11, 13, 24, 25], "summary": {"covered_lines": 10, "num_statements": 13, "percent_covered": 76.92307692307692, "percent_covered_display": "77", "missing_lines": 3, "excluded_lines": 0}, "missing_lines": [20, 21, 23], "excluded_lines": []}}}, "src/cache/__init__.py": {"executed_lines": [1, 2, 3, 5, 6, 8, 10, 11, 13, 17, 21, 25, 29, 33, 34, 39, 40, 60, 61, 67, 68, 79, 80, 98, 99, 103, 104, 106, 107, 108, 109, 111, 117, 123, 128, 130, 134, 138], "summary": {"covered_lines": 35, "num_statements": 65, "percent_covered": 53.84615384615385, "percent_covered_display": "54", "missing_lines": 30, "excluded_lines": 10}, "missing_lines": [51, 52, 53, 54, 55, 56, 58, 63, 64, 65, 70, 71, 85, 87, 89, 90, 91, 92, 93, 94, 95, 113, 114, 115, 119, 120, 121, 125, 132, 136], "excluded_lines": [15, 16, 19, 20, 23, 24, 27, 28, 31, 32], "functions": {"CacheInterface.get": {"executed_lines": [], "summary": {"covered_lines": 0, "num_statements": 0, "percent_covered": 100.0, "percent_covered_display": "100", "missing_lines": 0, "excluded_lines": 1}, "missing_lines": [], "excluded_lines": [15]}, "CacheInterface.set": {"executed_lines": [], "summary": {"covered_lines": 0, "num_statements": 0, "percent_covered": 100.0, "percent_covered_display": "100", "missing_lines": 0, "excluded_lines": 1}, "missing_lines": [], "excluded_lines": [19]}, "CacheInterface.delete": {"executed_lines": [], "summary": {"covered_lines": 0, "num_statements": 0, "percent_covered": 100.0, "percent_covered_display": "100", "missing_lines": 0, "excluded_lines": 1}, "missing_lines": [], "excluded_lines": [23]}, "CacheInterface.exists": {"executed_lines": [], "summary": {"covered_lines": 0, "num_statements": 0, "percent_covered": 100.0, "percent_covered_display": "100", "missing_lines": 0, "excluded_lines": 1}, "missing_lines": [], "excluded_lines": [27]}, "CacheInterface.info": {"executed_lines": [], "summary": {"covered_lines": 0, "num_statements": 0, "percent_covered": 100.0, "percent_covered_display": "100", "missing_lines": 0, "excluded_lines": 1}, "missing_lines": [], "excluded_lines": [31]}, "CacheFactory.create_cache": {"executed_lines": [], "summary": {"covered_lines": 0, "num_statements": 7, "percent_covered": 0.0, "percent_covered_display": "0", "missing_lines": 7, "excluded_lines": 0}, "missing_lines": [51, 52, 53, 54, 55, 56, 58], "excluded_lines": []}, "CacheFactory._create_memory_cache": {"executed_lines": [], "summary": {"covered_lines": 0, "num_statements": 3, "percent_covered": 0.0, "percent_covered_display": "0", "missing_lines": 3, "excluded_lines": 0}, "missing_lines": [63, 64, 65], "excluded_lines": []}, "CacheFactory._create_redis_cache": {"executed_lines": [], "summary": {"covered_lines": 0, "num_statements": 2, "percent_covered": 0.0, "percent_covered_display": "0", "missing_lines": 2, "excluded_lines": 0}, "missing_lines": [70, 71], "excluded_lines": []}, "CacheFactory._create_auto_cache": {"executed_lines": [], "summary": {"covered_lines": 0, "num_statements": 9, "percent_covered": 0.0, "percent_covered_display": "0", "missing_lines": 9, "excluded_lines": 0}, "missing_lines": [85, 87, 89, 90, 91, 92, 93, 94, 95], "excluded_lines": []}, "CacheManager.__new__": {"executed_lines": [107, 108, 109], "summary": {"covered_lines": 3, "num_statements": 3, "percent_covered": 100.0, "percent_covered_display": "100", "missing_lines": 0, "excluded_lines": 0}, "missing_lines": [], "excluded_lines": []}, "CacheManager.initialize": {"executed_lines": [], "summary": {"covered_lines": 0, "num_statements": 3, "percent_covered": 0.0, "percent_covered_display": "0", "missing_lines": 3, "excluded_lines": 0}, "missing_lines": [113, 114, 115], "excluded_lines": []}, "CacheManager.get_cache": {"executed_lines": [], "summary": {"covered_lines": 0, "num_statements": 3, "percent_covered": 0.0, "percent_covered_display": "0", "missing_lines": 3, "excluded_lines": 0}, "missing_lines": [119, 120, 121], "excluded_lines": []}, "CacheManager.reset": {"executed_lines": [], "summary": {"covered_lines": 0, "num_statements": 1, "percent_covered": 0.0, "percent_covered_display": "0", "missing_lines": 1, "excluded_lines": 0}, "missing_lines": [125], "excluded_lines": []}, "get_cache": {"executed_lines": [], "summary": {"covered_lines": 0, "num_statements": 1, "percent_covered": 0.0, "percent_covered_display": "0", "missing_lines": 1, "excluded_lines": 0}, "missing_lines": [132], "excluded_lines": []}, "initialize_cache": {"executed_lines": [], "summary": {"covered_lines": 0, "num_statements": 1, "percent_covered": 0.0, "percent_covered_display": "0", "missing_lines": 1, "excluded_lines": 0}, "missing_lines": [136], "excluded_lines": []}, "": {"executed_lines": [1, 2, 3, 5, 6, 8, 10, 11, 13, 17, 21, 25, 29, 33, 34, 39, 40, 60, 61, 67, 68, 79, 80, 98, 99, 103, 104, 106, 111, 117, 123, 128, 130, 134, 138], "summary": {"covered_lines": 32, "num_statements": 32, "percent_covered": 100.0, "percent_covered_display": "100", "missing_lines": 0, "excluded_lines": 5}, "missing_lines": [], "excluded_lines": [16, 20, 24, 28, 32]}}, "classes": {"CacheInterface": {"executed_lines": [], "summary": {"covered_lines": 0, "num_statements": 0, "percent_covered": 100.0, "percent_covered_display": "100", "missing_lines": 0, "excluded_lines": 5}, "missing_lines": [], "excluded_lines": [15, 19, 23, 27, 31]}, "CacheFactory": {"executed_lines": [], "summary": {"covered_lines": 0, "num_statements": 21, "percent_covered": 0.0, "percent_covered_display": "0", "missing_lines": 21, "excluded_lines": 0}, "missing_lines": [51, 52, 53, 54, 55, 56, 58, 63, 64, 65, 70, 71, 85, 87, 89, 90, 91, 92, 93, 94, 95], "excluded_lines": []}, "CacheManager": {"executed_lines": [107, 108, 109], "summary": {"covered_lines": 3, "num_statements": 10, "percent_covered": 30.0, "percent_covered_display": "30", "missing_lines": 7, "excluded_lines": 0}, "missing_lines": [113, 114, 115, 119, 120, 121, 125], "excluded_lines": []}, "": {"executed_lines": [1, 2, 3, 5, 6, 8, 10, 11, 13, 17, 21, 25, 29, 33, 34, 39, 40, 60, 61, 67, 68, 79, 80, 98, 99, 103, 104, 106, 111, 117, 123, 128, 130, 134, 138], "summary": {"covered_lines": 32, "num_statements": 34, "percent_covered": 94.11764705882354, "percent_covered_display": "94", "missing_lines": 2, "excluded_lines": 5}, "missing_lines": [132, 136], "excluded_lines": [16, 20, 24, 28, 32]}}}, "src/cache/memory_cache.py": {"executed_lines": [1, 2, 3, 4, 6, 8, 9, 11, 13, 14, 15, 18, 22, 24, 26, 27, 28, 30, 33, 34, 35, 37, 39, 41, 43, 44, 45, 46, 48, 50, 51, 52, 53, 54, 56, 58, 59, 60, 62, 65, 69, 71, 73, 74, 75, 80, 87, 89, 90], "summary": {"covered_lines": 48, "num_statements": 57, "percent_covered": 84.21052631578948, "percent_covered_display": "84", "missing_lines": 9, "excluded_lines": 0}, "missing_lines": [66, 67, 92, 93, 94, 99, 100, 102, 103], "excluded_lines": [], "functions": {"MemoryCache.__init__": {"executed_lines": [13, 14, 15, 18, 22], "summary": {"covered_lines": 5, "num_statements": 5, "percent_covered": 100.0, "percent_covered_display": "100", "missing_lines": 0, "excluded_lines": 0}, "missing_lines": [], "excluded_lines": []}, "MemoryCache.get": {"executed_lines": [26, 27, 28, 30, 33, 34, 35, 37], "summary": {"covered_lines": 8, "num_statements": 8, "percent_covered": 100.0, "percent_covered_display": "100", "missing_lines": 0, "excluded_lines": 0}, "missing_lines": [], "excluded_lines": []}, "MemoryCache.set": {"executed_lines": [41, 43, 44, 45, 46], "summary": {"covered_lines": 5, "num_statements": 5, "percent_covered": 100.0, "percent_covered_display": "100", "missing_lines": 0, "excluded_lines": 0}, "missing_lines": [], "excluded_lines": []}, "MemoryCache.delete": {"executed_lines": [50, 51, 52, 53, 54], "summary": {"covered_lines": 5, "num_statements": 5, "percent_covered": 100.0, "percent_covered_display": "100", "missing_lines": 0, "excluded_lines": 0}, "missing_lines": [], "excluded_lines": []}, "MemoryCache.exists": {"executed_lines": [58, 59, 60, 62, 65, 69], "summary": {"covered_lines": 6, "num_statements": 8, "percent_covered": 75.0, "percent_covered_display": "75", "missing_lines": 2, "excluded_lines": 0}, "missing_lines": [66, 67], "excluded_lines": []}, "MemoryCache.info": {"executed_lines": [73, 74, 75, 80], "summary": {"covered_lines": 4, "num_statements": 4, "percent_covered": 100.0, "percent_covered_display": "100", "missing_lines": 0, "excluded_lines": 0}, "missing_lines": [], "excluded_lines": []}, "MemoryCache._cleanup_expired_keys": {"executed_lines": [89, 90], "summary": {"covered_lines": 2, "num_statements": 9, "percent_covered": 22.22222222222222, "percent_covered_display": "22", "missing_lines": 7, "excluded_lines": 0}, "missing_lines": [92, 93, 94, 99, 100, 102, 103], "excluded_lines": []}, "": {"executed_lines": [1, 2, 3, 4, 6, 8, 9, 11, 24, 39, 48, 56, 71, 87], "summary": {"covered_lines": 13, "num_statements": 13, "percent_covered": 100.0, "percent_covered_display": "100", "missing_lines": 0, "excluded_lines": 0}, "missing_lines": [], "excluded_lines": []}}, "classes": {"MemoryCache": {"executed_lines": [13, 14, 15, 18, 22, 26, 27, 28, 30, 33, 34, 35, 37, 41, 43, 44, 45, 46, 50, 51, 52, 53, 54, 58, 59, 60, 62, 65, 69, 73, 74, 75, 80, 89, 90], "summary": {"covered_lines": 35, "num_statements": 44, "percent_covered": 79.54545454545455, "percent_covered_display": "80", "missing_lines": 9, "excluded_lines": 0}, "missing_lines": [66, 67, 92, 93, 94, 99, 100, 102, 103], "excluded_lines": []}, "": {"executed_lines": [1, 2, 3, 4, 6, 8, 9, 11, 24, 39, 48, 56, 71, 87], "summary": {"covered_lines": 13, "num_statements": 13, "percent_covered": 100.0, "percent_covered_display": "100", "missing_lines": 0, "excluded_lines": 0}, "missing_lines": [], "excluded_lines": []}}}, "src/cache/redis_cache.py": {"executed_lines": [1, 2, 3, 4, 6, 8, 9, 11, 20, 21, 23, 32, 33, 34, 36, 38, 41, 42, 43, 44, 45, 47, 49, 50, 52, 53, 54, 55, 56, 57, 59, 60, 61, 62, 63, 65, 67, 68, 70, 72, 74, 75, 78, 79, 81, 82, 83, 84, 86, 88, 89, 91, 92, 93, 94, 95, 97, 99, 100, 102, 103, 104, 105, 106, 108, 110, 111, 113, 114, 115], "summary": {"covered_lines": 69, "num_statements": 72, "percent_covered": 95.83333333333333, "percent_covered_display": "96", "missing_lines": 3, "excluded_lines": 0}, "missing_lines": [123, 124, 125], "excluded_lines": [], "functions": {"RedisCache.__init__": {"executed_lines": [20, 21, 23, 32, 33, 34, 36, 38, 41, 42, 43, 44, 45], "summary": {"covered_lines": 13, "num_statements": 13, "percent_covered": 100.0, "percent_covered_display": "100", "missing_lines": 0, "excluded_lines": 0}, "missing_lines": [], "excluded_lines": []}, "RedisCache.get": {"executed_lines": [49, 50, 52, 53, 54, 55, 56, 57, 59, 60, 61, 62, 63], "summary": {"covered_lines": 13, "num_statements": 13, "percent_covered": 100.0, "percent_covered_display": "100", "missing_lines": 0, "excluded_lines": 0}, "missing_lines": [], "excluded_lines": []}, "RedisCache.set": {"executed_lines": [67, 68, 70, 72, 74, 75, 78, 79, 81, 82, 83, 84], "summary": {"covered_lines": 12, "num_statements": 12, "percent_covered": 100.0, "percent_covered_display": "100", "missing_lines": 0, "excluded_lines": 0}, "missing_lines": [], "excluded_lines": []}, "RedisCache.delete": {"executed_lines": [88, 89, 91, 92, 93, 94, 95], "summary": {"covered_lines": 7, "num_statements": 7, "percent_covered": 100.0, "percent_covered_display": "100", "missing_lines": 0, "excluded_lines": 0}, "missing_lines": [], "excluded_lines": []}, "RedisCache.exists": {"executed_lines": [99, 100, 102, 103, 104, 105, 106], "summary": {"covered_lines": 7, "num_statements": 7, "percent_covered": 100.0, "percent_covered_display": "100", "missing_lines": 0, "excluded_lines": 0}, "missing_lines": [], "excluded_lines": []}, "RedisCache.info": {"executed_lines": [110, 111, 113, 114, 115], "summary": {"covered_lines": 5, "num_statements": 8, "percent_covered": 62.5, "percent_covered_display": "62", "missing_lines": 3, "excluded_lines": 0}, "missing_lines": [123, 124, 125], "excluded_lines": []}, "": {"executed_lines": [1, 2, 3, 4, 6, 8, 9, 11, 47, 65, 86, 97, 108], "summary": {"covered_lines": 12, "num_statements": 12, "percent_covered": 100.0, "percent_covered_display": "100", "missing_lines": 0, "excluded_lines": 0}, "missing_lines": [], "excluded_lines": []}}, "classes": {"RedisCache": {"executed_lines": [20, 21, 23, 32, 33, 34, 36, 38, 41, 42, 43, 44, 45, 49, 50, 52, 53, 54, 55, 56, 57, 59, 60, 61, 62, 63, 67, 68, 70, 72, 74, 75, 78, 79, 81, 82, 83, 84, 88, 89, 91, 92, 93, 94, 95, 99, 100, 102, 103, 104, 105, 106, 110, 111, 113, 114, 115], "summary": {"covered_lines": 57, "num_statements": 60, "percent_covered": 95.0, "percent_covered_display": "95", "missing_lines": 3, "excluded_lines": 0}, "missing_lines": [123, 124, 125], "excluded_lines": []}, "": {"executed_lines": [1, 2, 3, 4, 6, 8, 9, 11, 47, 65, 86, 97, 108], "summary": {"covered_lines": 12, "num_statements": 12, "percent_covered": 100.0, "percent_covered_display": "100", "missing_lines": 0, "excluded_lines": 0}, "missing_lines": [], "excluded_lines": []}}}, "src/config/offers_config.py": {"executed_lines": [1, 4, 5, 8, 22, 36, 100, 114, 128, 142, 190, 191, 194, 195, 196], "summary": {"covered_lines": 14, "num_statements": 14, "percent_covered": 100.0, "percent_covered_display": "100", "missing_lines": 0, "excluded_lines": 0}, "missing_lines": [], "excluded_lines": [], "functions": {"": {"executed_lines": [1, 4, 5, 8, 22, 36, 100, 114, 128, 142, 190, 191, 194, 195, 196], "summary": {"covered_lines": 14, "num_statements": 14, "percent_covered": 100.0, "percent_covered_display": "100", "missing_lines": 0, "excluded_lines": 0}, "missing_lines": [], "excluded_lines": []}}, "classes": {"": {"executed_lines": [1, 4, 5, 8, 22, 36, 100, 114, 128, 142, 190, 191, 194, 195, 196], "summary": {"covered_lines": 14, "num_statements": 14, "percent_covered": 100.0, "percent_covered_display": "100", "missing_lines": 0, "excluded_lines": 0}, "missing_lines": [], "excluded_lines": []}}}, "src/configg.py": {"executed_lines": [2, 3, 4, 5, 8, 11, 13, 14, 18, 19, 21, 22, 23, 24, 26, 28, 31, 34, 37, 40, 43, 46, 47, 48, 51, 52, 53, 56, 57, 58, 59, 60, 63, 64, 65, 66, 67, 70, 76, 80, 81, 84, 87, 88, 89, 90, 93, 94, 95, 96, 97, 100, 101, 102, 103, 104, 105, 108, 109, 110, 112, 125, 129, 139, 149, 164, 167, 172, 173, 174, 177, 178, 179, 182, 183, 184, 185, 186, 189, 190, 191, 192, 193, 196, 199, 200, 201, 204, 207, 208, 209, 210, 213, 214, 215, 216, 217, 220, 221, 222, 223, 224, 225, 228, 229, 230, 234, 241, 245, 250], "summary": {"covered_lines": 109, "num_statements": 125, "percent_covered": 87.2, "percent_covered_display": "87", "missing_lines": 16, "excluded_lines": 0}, "missing_lines": [29, 38, 117, 127, 131, 141, 152, 153, 156, 157, 160, 161, 239, 243, 247, 252], "excluded_lines": [], "functions": {"ConfigurationManager.__new__": {"executed_lines": [22, 23, 24], "summary": {"covered_lines": 3, "num_statements": 3, "percent_covered": 100.0, "percent_covered_display": "100", "missing_lines": 0, "excluded_lines": 0}, "missing_lines": [], "excluded_lines": []}, "ConfigurationManager.__init__": {"executed_lines": [28, 31, 34, 37], "summary": {"covered_lines": 4, "num_statements": 6, "percent_covered": 66.66666666666667, "percent_covered_display": "67", "missing_lines": 2, "excluded_lines": 0}, "missing_lines": [29, 38], "excluded_lines": []}, "ConfigurationManager._load_environment_config": {"executed_lines": [43, 46, 47, 48, 51, 52, 53, 56, 57, 58, 59, 60, 63, 64, 65, 66, 67, 70, 76, 80, 81, 84, 87, 88, 89, 90, 93, 94, 95, 96, 97, 100, 101, 102, 103, 104, 105, 108, 109, 110], "summary": {"covered_lines": 40, "num_statements": 40, "percent_covered": 100.0, "percent_covered_display": "100", "missing_lines": 0, "excluded_lines": 0}, "missing_lines": [], "excluded_lines": []}, "ConfigurationManager.get_clickhouse_config": {"executed_lines": [], "summary": {"covered_lines": 0, "num_statements": 1, "percent_covered": 0.0, "percent_covered_display": "0", "missing_lines": 1, "excluded_lines": 0}, "missing_lines": [117], "excluded_lines": []}, "ConfigurationManager.get_postgres_uri": {"executed_lines": [], "summary": {"covered_lines": 0, "num_statements": 1, "percent_covered": 0.0, "percent_covered_display": "0", "missing_lines": 1, "excluded_lines": 0}, "missing_lines": [127], "excluded_lines": []}, "ConfigurationManager.get_postgres_config": {"executed_lines": [], "summary": {"covered_lines": 0, "num_statements": 1, "percent_covered": 0.0, "percent_covered_display": "0", "missing_lines": 1, "excluded_lines": 0}, "missing_lines": [131], "excluded_lines": []}, "ConfigurationManager.get_redis_config": {"executed_lines": [], "summary": {"covered_lines": 0, "num_statements": 1, "percent_covered": 0.0, "percent_covered_display": "0", "missing_lines": 1, "excluded_lines": 0}, "missing_lines": [141], "excluded_lines": []}, "ConfigurationManager.validate_critical_configs": {"executed_lines": [], "summary": {"covered_lines": 0, "num_statements": 6, "percent_covered": 0.0, "percent_covered_display": "0", "missing_lines": 6, "excluded_lines": 0}, "missing_lines": [152, 153, 156, 157, 160, 161], "excluded_lines": []}, "get_clickhouse_config": {"executed_lines": [], "summary": {"covered_lines": 0, "num_statements": 1, "percent_covered": 0.0, "percent_covered_display": "0", "missing_lines": 1, "excluded_lines": 0}, "missing_lines": [239], "excluded_lines": []}, "get_postgres_uri": {"executed_lines": [], "summary": {"covered_lines": 0, "num_statements": 1, "percent_covered": 0.0, "percent_covered_display": "0", "missing_lines": 1, "excluded_lines": 0}, "missing_lines": [243], "excluded_lines": []}, "validate_critical_configs": {"executed_lines": [], "summary": {"covered_lines": 0, "num_statements": 1, "percent_covered": 0.0, "percent_covered_display": "0", "missing_lines": 1, "excluded_lines": 0}, "missing_lines": [247], "excluded_lines": []}, "get_config": {"executed_lines": [], "summary": {"covered_lines": 0, "num_statements": 1, "percent_covered": 0.0, "percent_covered_display": "0", "missing_lines": 1, "excluded_lines": 0}, "missing_lines": [252], "excluded_lines": []}, "": {"executed_lines": [2, 3, 4, 5, 8, 11, 13, 14, 18, 19, 21, 26, 40, 112, 125, 129, 139, 149, 164, 167, 172, 173, 174, 177, 178, 179, 182, 183, 184, 185, 186, 189, 190, 191, 192, 193, 196, 199, 200, 201, 204, 207, 208, 209, 210, 213, 214, 215, 216, 217, 220, 221, 222, 223, 224, 225, 228, 229, 230, 234, 241, 245, 250], "summary": {"covered_lines": 62, "num_statements": 62, "percent_covered": 100.0, "percent_covered_display": "100", "missing_lines": 0, "excluded_lines": 0}, "missing_lines": [], "excluded_lines": []}}, "classes": {"ConfigurationManager": {"executed_lines": [22, 23, 24, 28, 31, 34, 37, 43, 46, 47, 48, 51, 52, 53, 56, 57, 58, 59, 60, 63, 64, 65, 66, 67, 70, 76, 80, 81, 84, 87, 88, 89, 90, 93, 94, 95, 96, 97, 100, 101, 102, 103, 104, 105, 108, 109, 110], "summary": {"covered_lines": 47, "num_statements": 59, "percent_covered": 79.66101694915254, "percent_covered_display": "80", "missing_lines": 12, "excluded_lines": 0}, "missing_lines": [29, 38, 117, 127, 131, 141, 152, 153, 156, 157, 160, 161], "excluded_lines": []}, "": {"executed_lines": [2, 3, 4, 5, 8, 11, 13, 14, 18, 19, 21, 26, 40, 112, 125, 129, 139, 149, 164, 167, 172, 173, 174, 177, 178, 179, 182, 183, 184, 185, 186, 189, 190, 191, 192, 193, 196, 199, 200, 201, 204, 207, 208, 209, 210, 213, 214, 215, 216, 217, 220, 221, 222, 223, 224, 225, 228, 229, 230, 234, 241, 245, 250], "summary": {"covered_lines": 62, "num_statements": 66, "percent_covered": 93.93939393939394, "percent_covered_display": "94", "missing_lines": 4, "excluded_lines": 0}, "missing_lines": [239, 243, 247, 252], "excluded_lines": []}}}, "src/data_pipeline/bytewax_flow.py": {"executed_lines": [2, 3, 4, 5, 6, 7, 9, 10, 11, 12, 14, 15, 19, 25, 26, 29, 73, 101, 103, 107, 120, 131, 134, 137, 141, 145, 149, 154, 157], "summary": {"covered_lines": 29, "num_statements": 78, "percent_covered": 37.17948717948718, "percent_covered_display": "37", "missing_lines": 49, "excluded_lines": 0}, "missing_lines": [31, 33, 34, 37, 38, 39, 40, 43, 44, 45, 48, 49, 50, 51, 52, 55, 58, 60, 62, 63, 64, 65, 66, 67, 68, 69, 70, 75, 78, 79, 80, 83, 84, 85, 87, 88, 89, 92, 93, 94, 95, 96, 98, 158, 160, 163, 164, 165, 166], "excluded_lines": [], "functions": {"parse_kafka_message": {"executed_lines": [], "summary": {"covered_lines": 0, "num_statements": 27, "percent_covered": 0.0, "percent_covered_display": "0", "missing_lines": 27, "excluded_lines": 0}, "missing_lines": [31, 33, 34, 37, 38, 39, 40, 43, 44, 45, 48, 49, 50, 51, 52, 55, 58, 60, 62, 63, 64, 65, 66, 67, 68, 69, 70], "excluded_lines": []}, "validate_message": {"executed_lines": [], "summary": {"covered_lines": 0, "num_statements": 16, "percent_covered": 0.0, "percent_covered_display": "0", "missing_lines": 16, "excluded_lines": 0}, "missing_lines": [75, 78, 79, 80, 83, 84, 85, 87, 88, 89, 92, 93, 94, 95, 96, 98], "excluded_lines": []}, "build_dataflow": {"executed_lines": [103, 107, 120, 131, 134, 137, 141, 145, 149, 154], "summary": {"covered_lines": 10, "num_statements": 10, "percent_covered": 100.0, "percent_covered_display": "100", "missing_lines": 0, "excluded_lines": 0}, "missing_lines": [], "excluded_lines": []}, "": {"executed_lines": [2, 3, 4, 5, 6, 7, 9, 10, 11, 12, 14, 15, 19, 25, 26, 29, 73, 101, 157], "summary": {"covered_lines": 19, "num_statements": 25, "percent_covered": 76.0, "percent_covered_display": "76", "missing_lines": 6, "excluded_lines": 0}, "missing_lines": [158, 160, 163, 164, 165, 166], "excluded_lines": []}}, "classes": {"": {"executed_lines": [2, 3, 4, 5, 6, 7, 9, 10, 11, 12, 14, 15, 19, 25, 26, 29, 73, 101, 103, 107, 120, 131, 134, 137, 141, 145, 149, 154, 157], "summary": {"covered_lines": 29, "num_statements": 78, "percent_covered": 37.17948717948718, "percent_covered_display": "37", "missing_lines": 49, "excluded_lines": 0}, "missing_lines": [31, 33, 34, 37, 38, 39, 40, 43, 44, 45, 48, 49, 50, 51, 52, 55, 58, 60, 62, 63, 64, 65, 66, 67, 68, 69, 70, 75, 78, 79, 80, 83, 84, 85, 87, 88, 89, 92, 93, 94, 95, 96, 98, 158, 160, 163, 164, 165, 166], "excluded_lines": []}}}, "src/data_pipeline/operators.py": {"executed_lines": [1, 2, 3, 4, 5, 6, 7, 8, 10, 11, 12, 14, 20, 23, 26, 27, 41, 42, 44, 45, 49, 50, 52, 53, 55, 57, 58, 59, 61, 67, 69, 70, 71, 75, 76, 78, 79, 89, 91, 93, 94, 95, 97, 99, 101, 102, 103, 104, 107, 108, 110, 112, 114, 119, 120, 122, 123, 124, 126, 128, 131, 142, 144, 145, 148, 150, 152, 153, 155, 157, 158, 159, 160, 161, 163, 164, 165, 167, 169, 170, 171, 172, 173, 174, 177, 178, 179, 180, 182, 184, 185, 195, 208, 210, 211, 217, 218, 220, 222, 223, 224, 225, 227, 229, 231, 233, 234, 235, 236, 238, 239, 241, 243, 244, 246, 248, 254, 264, 269, 305, 331, 383, 431, 517, 519, 520, 523, 526, 527, 531, 533, 534, 536, 537, 540, 541, 543, 545, 592], "summary": {"covered_lines": 133, "num_statements": 303, "percent_covered": 43.8943894389439, "percent_covered_display": "44", "missing_lines": 170, "excluded_lines": 0}, "missing_lines": [47, 63, 64, 65, 72, 73, 92, 96, 98, 100, 116, 117, 129, 130, 132, 133, 134, 135, 136, 139, 140, 146, 187, 188, 189, 190, 191, 192, 193, 197, 198, 205, 206, 256, 257, 258, 259, 260, 261, 266, 271, 272, 273, 290, 291, 297, 298, 299, 300, 301, 302, 303, 307, 308, 309, 318, 319, 325, 326, 327, 328, 329, 333, 335, 336, 337, 338, 341, 342, 356, 357, 358, 361, 362, 363, 364, 367, 368, 371, 372, 373, 375, 376, 377, 378, 379, 380, 381, 385, 386, 389, 392, 393, 396, 397, 398, 399, 401, 404, 405, 413, 416, 417, 418, 419, 420, 423, 425, 426, 429, 433, 435, 436, 437, 440, 441, 444, 447, 459, 460, 463, 466, 469, 471, 493, 502, 509, 512, 513, 514, 547, 548, 551, 554, 555, 557, 558, 559, 562, 563, 567, 568, 571, 574, 575, 576, 577, 578, 579, 581, 583, 585, 586, 589, 590, 594, 595, 598, 600, 601, 604, 607, 626, 627, 628, 629, 631, 632, 633, 636], "excluded_lines": [], "functions": {"Observer.update": {"executed_lines": [], "summary": {"covered_lines": 0, "num_statements": 1, "percent_covered": 0.0, "percent_covered_display": "0", "missing_lines": 1, "excluded_lines": 0}, "missing_lines": [47], "excluded_lines": []}, "Subject.__init__": {"executed_lines": [53], "summary": {"covered_lines": 1, "num_statements": 1, "percent_covered": 100.0, "percent_covered_display": "100", "missing_lines": 0, "excluded_lines": 0}, "missing_lines": [], "excluded_lines": []}, "Subject.attach": {"executed_lines": [57, 58, 59], "summary": {"covered_lines": 3, "num_statements": 3, "percent_covered": 100.0, "percent_covered_display": "100", "missing_lines": 0, "excluded_lines": 0}, "missing_lines": [], "excluded_lines": []}, "Subject.detach": {"executed_lines": [], "summary": {"covered_lines": 0, "num_statements": 3, "percent_covered": 0.0, "percent_covered_display": "0", "missing_lines": 3, "excluded_lines": 0}, "missing_lines": [63, 64, 65], "excluded_lines": []}, "Subject.notify": {"executed_lines": [69, 70, 71], "summary": {"covered_lines": 3, "num_statements": 5, "percent_covered": 60.0, "percent_covered_display": "60", "missing_lines": 2, "excluded_lines": 0}, "missing_lines": [72, 73], "excluded_lines": []}, "MetricsObserver.__init__": {"executed_lines": [79], "summary": {"covered_lines": 1, "num_statements": 1, "percent_covered": 100.0, "percent_covered_display": "100", "missing_lines": 0, "excluded_lines": 0}, "missing_lines": [], "excluded_lines": []}, "MetricsObserver.update": {"executed_lines": [91, 93, 94, 95, 97, 99, 101, 102, 103, 104, 107, 108], "summary": {"covered_lines": 12, "num_statements": 16, "percent_covered": 75.0, "percent_covered_display": "75", "missing_lines": 4, "excluded_lines": 0}, "missing_lines": [92, 96, 98, 100], "excluded_lines": []}, "MetricsObserver.get_metrics": {"executed_lines": [112], "summary": {"covered_lines": 1, "num_statements": 1, "percent_covered": 100.0, "percent_covered_display": "100", "missing_lines": 0, "excluded_lines": 0}, "missing_lines": [], "excluded_lines": []}, "MetricsObserver.reset_metrics": {"executed_lines": [], "summary": {"covered_lines": 0, "num_statements": 2, "percent_covered": 0.0, "percent_covered_display": "0", "missing_lines": 2, "excluded_lines": 0}, "missing_lines": [116, 117], "excluded_lines": []}, "PerformanceObserver.__init__": {"executed_lines": [123, 124], "summary": {"covered_lines": 2, "num_statements": 2, "percent_covered": 100.0, "percent_covered_display": "100", "missing_lines": 0, "excluded_lines": 0}, "missing_lines": [], "excluded_lines": []}, "PerformanceObserver.update": {"executed_lines": [128, 131], "summary": {"covered_lines": 2, "num_statements": 11, "percent_covered": 18.181818181818183, "percent_covered_display": "18", "missing_lines": 9, "excluded_lines": 0}, "missing_lines": [129, 130, 132, 133, 134, 135, 136, 139, 140], "excluded_lines": []}, "PerformanceObserver.get_avg_processing_time": {"executed_lines": [144, 145], "summary": {"covered_lines": 2, "num_statements": 3, "percent_covered": 66.66666666666667, "percent_covered_display": "67", "missing_lines": 1, "excluded_lines": 0}, "missing_lines": [146], "excluded_lines": []}, "PerformanceObserver.get_latest_processing_times": {"executed_lines": [150], "summary": {"covered_lines": 1, "num_statements": 1, "percent_covered": 100.0, "percent_covered_display": "100", "missing_lines": 0, "excluded_lines": 0}, "missing_lines": [], "excluded_lines": []}, "DatabaseConnections.__new__": {"executed_lines": [158, 159, 160, 161], "summary": {"covered_lines": 4, "num_statements": 4, "percent_covered": 100.0, "percent_covered_display": "100", "missing_lines": 0, "excluded_lines": 0}, "missing_lines": [], "excluded_lines": []}, "DatabaseConnections.__init__": {"executed_lines": [164, 165, 167, 169, 170, 171, 172, 173, 174, 177, 178, 179, 180, 182], "summary": {"covered_lines": 14, "num_statements": 14, "percent_covered": 100.0, "percent_covered_display": "100", "missing_lines": 0, "excluded_lines": 0}, "missing_lines": [], "excluded_lines": []}, "DatabaseConnections.loop": {"executed_lines": [], "summary": {"covered_lines": 0, "num_statements": 7, "percent_covered": 0.0, "percent_covered_display": "0", "missing_lines": 7, "excluded_lines": 0}, "missing_lines": [187, 188, 189, 190, 191, 192, 193], "excluded_lines": []}, "DatabaseConnections.get_pg_pool": {"executed_lines": [], "summary": {"covered_lines": 0, "num_statements": 4, "percent_covered": 0.0, "percent_covered_display": "0", "missing_lines": 4, "excluded_lines": 0}, "missing_lines": [197, 198, 205, 206], "excluded_lines": []}, "DatabaseConnections.get_ch_client": {"executed_lines": [210, 211, 217, 218], "summary": {"covered_lines": 4, "num_statements": 4, "percent_covered": 100.0, "percent_covered_display": "100", "missing_lines": 0, "excluded_lines": 0}, "missing_lines": [], "excluded_lines": []}, "DatabaseConnections.get_http_client": {"executed_lines": [222, 223, 224, 225], "summary": {"covered_lines": 4, "num_statements": 4, "percent_covered": 100.0, "percent_covered_display": "100", "missing_lines": 0, "excluded_lines": 0}, "missing_lines": [], "excluded_lines": []}, "DatabaseConnections.get_cache_key": {"executed_lines": [229], "summary": {"covered_lines": 1, "num_statements": 1, "percent_covered": 100.0, "percent_covered_display": "100", "missing_lines": 0, "excluded_lines": 0}, "missing_lines": [], "excluded_lines": []}, "DatabaseConnections.get_cached_message": {"executed_lines": [233, 234, 235, 236, 238, 239], "summary": {"covered_lines": 6, "num_statements": 6, "percent_covered": 100.0, "percent_covered_display": "100", "missing_lines": 0, "excluded_lines": 0}, "missing_lines": [], "excluded_lines": []}, "DatabaseConnections.cache_message": {"executed_lines": [243, 244], "summary": {"covered_lines": 2, "num_statements": 2, "percent_covered": 100.0, "percent_covered_display": "100", "missing_lines": 0, "excluded_lines": 0}, "missing_lines": [], "excluded_lines": []}, "DatabaseConnections.get_metrics": {"executed_lines": [248], "summary": {"covered_lines": 1, "num_statements": 1, "percent_covered": 100.0, "percent_covered_display": "100", "missing_lines": 0, "excluded_lines": 0}, "missing_lines": [], "excluded_lines": []}, "DatabaseConnections.close": {"executed_lines": [], "summary": {"covered_lines": 0, "num_statements": 6, "percent_covered": 0.0, "percent_covered_display": "0", "missing_lines": 6, "excluded_lines": 0}, "missing_lines": [256, 257, 258, 259, 260, 261], "excluded_lines": []}, "get_db_connections": {"executed_lines": [], "summary": {"covered_lines": 0, "num_statements": 1, "percent_covered": 0.0, "percent_covered_display": "0", "missing_lines": 1, "excluded_lines": 0}, "missing_lines": [266], "excluded_lines": []}, "_find_nearest_shop": {"executed_lines": [], "summary": {"covered_lines": 0, "num_statements": 12, "percent_covered": 0.0, "percent_covered_display": "0", "missing_lines": 12, "excluded_lines": 0}, "missing_lines": [271, 272, 273, 290, 291, 297, 298, 299, 300, 301, 302, 303], "excluded_lines": []}, "_get_user_profile": {"executed_lines": [], "summary": {"covered_lines": 0, "num_statements": 10, "percent_covered": 0.0, "percent_covered_display": "0", "missing_lines": 10, "excluded_lines": 0}, "missing_lines": [307, 308, 309, 318, 319, 325, 326, 327, 328, 329], "excluded_lines": []}, "_generate_message": {"executed_lines": [], "summary": {"covered_lines": 0, "num_statements": 26, "percent_covered": 0.0, "percent_covered_display": "0", "missing_lines": 26, "excluded_lines": 0}, "missing_lines": [333, 335, 336, 337, 338, 341, 342, 356, 357, 358, 361, 362, 363, 364, 367, 368, 371, 372, 373, 375, 376, 377, 378, 379, 380, 381], "excluded_lines": []}, "_should_simulate_visit": {"executed_lines": [], "summary": {"covered_lines": 0, "num_statements": 22, "percent_covered": 0.0, "percent_covered_display": "0", "missing_lines": 22, "excluded_lines": 0}, "missing_lines": [385, 386, 389, 392, 393, 396, 397, 398, 399, 401, 404, 405, 413, 416, 417, 418, 419, 420, 423, 425, 426, 429], "excluded_lines": []}, "_create_simulated_visit": {"executed_lines": [], "summary": {"covered_lines": 0, "num_statements": 20, "percent_covered": 0.0, "percent_covered_display": "0", "missing_lines": 20, "excluded_lines": 0}, "missing_lines": [433, 435, 436, 437, 440, 441, 444, 447, 459, 460, 463, 466, 469, 471, 493, 502, 509, 512, 513, 514], "excluded_lines": []}, "enrich_with_nearest_shop": {"executed_lines": [519, 520, 523, 526, 527, 531, 533, 534, 536, 537, 540, 541, 543], "summary": {"covered_lines": 13, "num_statements": 13, "percent_covered": 100.0, "percent_covered_display": "100", "missing_lines": 0, "excluded_lines": 0}, "missing_lines": [], "excluded_lines": []}, "check_proximity_and_generate_message": {"executed_lines": [], "summary": {"covered_lines": 0, "num_statements": 25, "percent_covered": 0.0, "percent_covered_display": "0", "missing_lines": 25, "excluded_lines": 0}, "missing_lines": [547, 548, 551, 554, 555, 557, 558, 559, 562, 563, 567, 568, 571, 574, 575, 576, 577, 578, 579, 581, 583, 585, 586, 589, 590], "excluded_lines": []}, "write_to_clickhouse": {"executed_lines": [], "summary": {"covered_lines": 0, "num_statements": 15, "percent_covered": 0.0, "percent_covered_display": "0", "missing_lines": 15, "excluded_lines": 0}, "missing_lines": [594, 595, 598, 600, 601, 604, 607, 626, 627, 628, 629, 631, 632, 633, 636], "excluded_lines": []}, "": {"executed_lines": [1, 2, 3, 4, 5, 6, 7, 8, 10, 11, 12, 14, 20, 23, 26, 27, 41, 42, 44, 45, 49, 50, 52, 55, 61, 67, 75, 76, 78, 89, 110, 114, 119, 120, 122, 126, 142, 148, 152, 153, 155, 157, 163, 184, 185, 195, 208, 220, 227, 231, 241, 246, 254, 264, 269, 305, 331, 383, 431, 517, 545, 592], "summary": {"covered_lines": 56, "num_statements": 56, "percent_covered": 100.0, "percent_covered_display": "100", "missing_lines": 0, "excluded_lines": 0}, "missing_lines": [], "excluded_lines": []}}, "classes": {"Observer": {"executed_lines": [], "summary": {"covered_lines": 0, "num_statements": 1, "percent_covered": 0.0, "percent_covered_display": "0", "missing_lines": 1, "excluded_lines": 0}, "missing_lines": [47], "excluded_lines": []}, "Subject": {"executed_lines": [53, 57, 58, 59, 69, 70, 71], "summary": {"covered_lines": 7, "num_statements": 12, "percent_covered": 58.333333333333336, "percent_covered_display": "58", "missing_lines": 5, "excluded_lines": 0}, "missing_lines": [63, 64, 65, 72, 73], "excluded_lines": []}, "MetricsObserver": {"executed_lines": [79, 91, 93, 94, 95, 97, 99, 101, 102, 103, 104, 107, 108, 112], "summary": {"covered_lines": 14, "num_statements": 20, "percent_covered": 70.0, "percent_covered_display": "70", "missing_lines": 6, "excluded_lines": 0}, "missing_lines": [92, 96, 98, 100, 116, 117], "excluded_lines": []}, "PerformanceObserver": {"executed_lines": [123, 124, 128, 131, 144, 145, 150], "summary": {"covered_lines": 7, "num_statements": 17, "percent_covered": 41.1764705882353, "percent_covered_display": "41", "missing_lines": 10, "excluded_lines": 0}, "missing_lines": [129, 130, 132, 133, 134, 135, 136, 139, 140, 146], "excluded_lines": []}, "DatabaseConnections": {"executed_lines": [158, 159, 160, 161, 164, 165, 167, 169, 170, 171, 172, 173, 174, 177, 178, 179, 180, 182, 210, 211, 217, 218, 222, 223, 224, 225, 229, 233, 234, 235, 236, 238, 239, 243, 244, 248], "summary": {"covered_lines": 36, "num_statements": 53, "percent_covered": 67.9245283018868, "percent_covered_display": "68", "missing_lines": 17, "excluded_lines": 0}, "missing_lines": [187, 188, 189, 190, 191, 192, 193, 197, 198, 205, 206, 256, 257, 258, 259, 260, 261], "excluded_lines": []}, "": {"executed_lines": [1, 2, 3, 4, 5, 6, 7, 8, 10, 11, 12, 14, 20, 23, 26, 27, 41, 42, 44, 45, 49, 50, 52, 55, 61, 67, 75, 76, 78, 89, 110, 114, 119, 120, 122, 126, 142, 148, 152, 153, 155, 157, 163, 184, 185, 195, 208, 220, 227, 231, 241, 246, 254, 264, 269, 305, 331, 383, 431, 517, 519, 520, 523, 526, 527, 531, 533, 534, 536, 537, 540, 541, 543, 545, 592], "summary": {"covered_lines": 69, "num_statements": 200, "percent_covered": 34.5, "percent_covered_display": "34", "missing_lines": 131, "excluded_lines": 0}, "missing_lines": [266, 271, 272, 273, 290, 291, 297, 298, 299, 300, 301, 302, 303, 307, 308, 309, 318, 319, 325, 326, 327, 328, 329, 333, 335, 336, 337, 338, 341, 342, 356, 357, 358, 361, 362, 363, 364, 367, 368, 371, 372, 373, 375, 376, 377, 378, 379, 380, 381, 385, 386, 389, 392, 393, 396, 397, 398, 399, 401, 404, 405, 413, 416, 417, 418, 419, 420, 423, 425, 426, 429, 433, 435, 436, 437, 440, 441, 444, 447, 459, 460, 463, 466, 469, 471, 493, 502, 509, 512, 513, 514, 547, 548, 551, 554, 555, 557, 558, 559, 562, 563, 567, 568, 571, 574, 575, 576, 577, 578, 579, 581, 583, 585, 586, 589, 590, 594, 595, 598, 600, 601, 604, 607, 626, 627, 628, 629, 631, 632, 633, 636], "excluded_lines": []}}}, "src/models/offer.py": {"executed_lines": [1, 4, 5, 6, 7, 8, 10, 11, 12, 13, 14, 16, 17, 19, 23, 24, 26, 28, 29, 30, 31, 32, 33, 34, 36, 37, 38, 39, 40, 41, 42, 43, 44, 45, 46, 47, 48, 49, 50, 51, 52, 53, 54, 56, 58, 59, 60, 61, 63, 65, 67, 69, 71, 73, 88, 89, 91, 109, 112, 113, 114, 115, 118, 119, 120, 121, 122, 125, 126, 127, 128, 129, 132, 133, 135, 137, 139, 140, 141, 143, 144, 146, 148, 149, 154, 155, 157, 159, 160, 162, 164, 165, 167, 169, 170, 172, 174, 175, 177, 179, 180, 182, 184, 185, 186, 188, 190, 191, 192, 193, 195, 197, 198, 200, 202, 203, 204, 206, 208, 209, 211, 213, 214, 216, 218, 219, 221, 222, 223, 225, 227, 228, 229, 231, 232, 234, 235, 237, 245, 246, 248, 258, 259, 261, 270, 271, 273, 280, 282, 291, 292, 293, 294, 295, 296, 297, 298, 299, 300, 301, 302, 303, 304, 305, 306, 307, 308, 309, 310, 311, 312, 314, 316, 317, 318, 320, 321, 322, 324, 326], "summary": {"covered_lines": 172, "num_statements": 173, "percent_covered": 99.42196531791907, "percent_covered_display": "99", "missing_lines": 1, "excluded_lines": 2}, "missing_lines": [142], "excluded_lines": [21, 22], "functions": {"OfferValidatorProtocol.validate": {"executed_lines": [], "summary": {"covered_lines": 0, "num_statements": 0, "percent_covered": 100.0, "percent_covered_display": "100", "missing_lines": 0, "excluded_lines": 1}, "missing_lines": [], "excluded_lines": [21]}, "OfferValidator.validate": {"executed_lines": [28, 29, 30, 31, 32, 33, 34], "summary": {"covered_lines": 7, "num_statements": 7, "percent_covered": 100.0, "percent_covered_display": "100", "missing_lines": 0, "excluded_lines": 0}, "missing_lines": [], "excluded_lines": []}, "Offer.__post_init__": {"executed_lines": [58, 59, 60, 61], "summary": {"covered_lines": 4, "num_statements": 4, "percent_covered": 100.0, "percent_covered_display": "100", "missing_lines": 0, "excluded_lines": 0}, "missing_lines": [], "excluded_lines": []}, "Offer.set_validator": {"executed_lines": [65], "summary": {"covered_lines": 1, "num_statements": 1, "percent_covered": 100.0, "percent_covered_display": "100", "missing_lines": 0, "excluded_lines": 0}, "missing_lines": [], "excluded_lines": []}, "Offer.is_valid": {"executed_lines": [69], "summary": {"covered_lines": 1, "num_statements": 1, "percent_covered": 100.0, "percent_covered_display": "100", "missing_lines": 0, "excluded_lines": 0}, "missing_lines": [], "excluded_lines": []}, "Offer.to_dict": {"executed_lines": [73], "summary": {"covered_lines": 1, "num_statements": 1, "percent_covered": 100.0, "percent_covered_display": "100", "missing_lines": 0, "excluded_lines": 0}, "missing_lines": [], "excluded_lines": []}, "Offer.from_dict": {"executed_lines": [91], "summary": {"covered_lines": 1, "num_statements": 1, "percent_covered": 100.0, "percent_covered_display": "100", "missing_lines": 0, "excluded_lines": 0}, "missing_lines": [], "excluded_lines": []}, "Offer.is_valid_for_user": {"executed_lines": [112, 113, 114, 115, 118, 119, 120, 121, 122, 125, 126, 127, 128, 129, 132, 133, 135], "summary": {"covered_lines": 17, "num_statements": 17, "percent_covered": 100.0, "percent_covered_display": "100", "missing_lines": 0, "excluded_lines": 0}, "missing_lines": [], "excluded_lines": []}, "Offer.get_display_text": {"executed_lines": [139, 140, 141, 143, 144, 146], "summary": {"covered_lines": 6, "num_statements": 7, "percent_covered": 85.71428571428571, "percent_covered_display": "86", "missing_lines": 1, "excluded_lines": 0}, "missing_lines": [142], "excluded_lines": []}, "OfferBuilder.__init__": {"executed_lines": [155], "summary": {"covered_lines": 1, "num_statements": 1, "percent_covered": 100.0, "percent_covered_display": "100", "missing_lines": 0, "excluded_lines": 0}, "missing_lines": [], "excluded_lines": []}, "OfferBuilder.reset": {"executed_lines": [159, 160], "summary": {"covered_lines": 2, "num_statements": 2, "percent_covered": 100.0, "percent_covered_display": "100", "missing_lines": 0, "excluded_lines": 0}, "missing_lines": [], "excluded_lines": []}, "OfferBuilder.shop": {"executed_lines": [164, 165], "summary": {"covered_lines": 2, "num_statements": 2, "percent_covered": 100.0, "percent_covered_display": "100", "missing_lines": 0, "excluded_lines": 0}, "missing_lines": [], "excluded_lines": []}, "OfferBuilder.discount": {"executed_lines": [169, 170], "summary": {"covered_lines": 2, "num_statements": 2, "percent_covered": 100.0, "percent_covered_display": "100", "missing_lines": 0, "excluded_lines": 0}, "missing_lines": [], "excluded_lines": []}, "OfferBuilder.description": {"executed_lines": [174, 175], "summary": {"covered_lines": 2, "num_statements": 2, "percent_covered": 100.0, "percent_covered_display": "100", "missing_lines": 0, "excluded_lines": 0}, "missing_lines": [], "excluded_lines": []}, "OfferBuilder.offer_type": {"executed_lines": [179, 180], "summary": {"covered_lines": 2, "num_statements": 2, "percent_covered": 100.0, "percent_covered_display": "100", "missing_lines": 0, "excluded_lines": 0}, "missing_lines": [], "excluded_lines": []}, "OfferBuilder.valid_period": {"executed_lines": [184, 185, 186], "summary": {"covered_lines": 3, "num_statements": 3, "percent_covered": 100.0, "percent_covered_display": "100", "missing_lines": 0, "excluded_lines": 0}, "missing_lines": [], "excluded_lines": []}, "OfferBuilder.valid_for_days": {"executed_lines": [190, 191, 192, 193], "summary": {"covered_lines": 4, "num_statements": 4, "percent_covered": 100.0, "percent_covered_display": "100", "missing_lines": 0, "excluded_lines": 0}, "missing_lines": [], "excluded_lines": []}, "OfferBuilder.max_uses": {"executed_lines": [197, 198], "summary": {"covered_lines": 2, "num_statements": 2, "percent_covered": 100.0, "percent_covered_display": "100", "missing_lines": 0, "excluded_lines": 0}, "missing_lines": [], "excluded_lines": []}, "OfferBuilder.age_target": {"executed_lines": [202, 203, 204], "summary": {"covered_lines": 3, "num_statements": 3, "percent_covered": 100.0, "percent_covered_display": "100", "missing_lines": 0, "excluded_lines": 0}, "missing_lines": [], "excluded_lines": []}, "OfferBuilder.interest_target": {"executed_lines": [208, 209], "summary": {"covered_lines": 2, "num_statements": 2, "percent_covered": 100.0, "percent_covered_display": "100", "missing_lines": 0, "excluded_lines": 0}, "missing_lines": [], "excluded_lines": []}, "OfferBuilder.active": {"executed_lines": [213, 214], "summary": {"covered_lines": 2, "num_statements": 2, "percent_covered": 100.0, "percent_covered_display": "100", "missing_lines": 0, "excluded_lines": 0}, "missing_lines": [], "excluded_lines": []}, "OfferBuilder.build": {"executed_lines": [218, 219, 221, 222, 223], "summary": {"covered_lines": 5, "num_statements": 5, "percent_covered": 100.0, "percent_covered_display": "100", "missing_lines": 0, "excluded_lines": 0}, "missing_lines": [], "excluded_lines": []}, "OfferBuilder.build_unsafe": {"executed_lines": [227, 228, 229], "summary": {"covered_lines": 3, "num_statements": 3, "percent_covered": 100.0, "percent_covered_display": "100", "missing_lines": 0, "excluded_lines": 0}, "missing_lines": [], "excluded_lines": []}, "OfferFactory.create_flash_offer": {"executed_lines": [237], "summary": {"covered_lines": 1, "num_statements": 1, "percent_covered": 100.0, "percent_covered_display": "100", "missing_lines": 0, "excluded_lines": 0}, "missing_lines": [], "excluded_lines": []}, "OfferFactory.create_student_offer": {"executed_lines": [248], "summary": {"covered_lines": 1, "num_statements": 1, "percent_covered": 100.0, "percent_covered_display": "100", "missing_lines": 0, "excluded_lines": 0}, "missing_lines": [], "excluded_lines": []}, "OfferFactory.create_senior_offer": {"executed_lines": [261], "summary": {"covered_lines": 1, "num_statements": 1, "percent_covered": 100.0, "percent_covered_display": "100", "missing_lines": 0, "excluded_lines": 0}, "missing_lines": [], "excluded_lines": []}, "OfferFactory.create_category_offer": {"executed_lines": [273, 280, 282], "summary": {"covered_lines": 3, "num_statements": 3, "percent_covered": 100.0, "percent_covered_display": "100", "missing_lines": 0, "excluded_lines": 0}, "missing_lines": [], "excluded_lines": []}, "UserVisit.__post_init__": {"executed_lines": [316, 317, 318, 320, 321, 322], "summary": {"covered_lines": 6, "num_statements": 6, "percent_covered": 100.0, "percent_covered_display": "100", "missing_lines": 0, "excluded_lines": 0}, "missing_lines": [], "excluded_lines": []}, "UserVisit.to_dict": {"executed_lines": [326], "summary": {"covered_lines": 1, "num_statements": 1, "percent_covered": 100.0, "percent_covered_display": "100", "missing_lines": 0, "excluded_lines": 0}, "missing_lines": [], "excluded_lines": []}, "": {"executed_lines": [1, 4, 5, 6, 7, 8, 10, 11, 12, 13, 14, 16, 17, 19, 23, 24, 26, 36, 37, 38, 39, 40, 41, 42, 43, 44, 45, 46, 47, 48, 49, 50, 51, 52, 53, 54, 56, 63, 67, 71, 88, 89, 109, 137, 148, 149, 154, 157, 162, 167, 172, 177, 182, 188, 195, 200, 206, 211, 216, 225, 231, 232, 234, 235, 245, 246, 258, 259, 270, 271, 291, 292, 293, 294, 295, 296, 297, 298, 299, 300, 301, 302, 303, 304, 305, 306, 307, 308, 309, 310, 311, 312, 314, 324], "summary": {"covered_lines": 86, "num_statements": 86, "percent_covered": 100.0, "percent_covered_display": "100", "missing_lines": 0, "excluded_lines": 1}, "missing_lines": [], "excluded_lines": [22]}}, "classes": {"OfferType": {"executed_lines": [], "summary": {"covered_lines": 0, "num_statements": 0, "percent_covered": 100.0, "percent_covered_display": "100", "missing_lines": 0, "excluded_lines": 0}, "missing_lines": [], "excluded_lines": []}, "OfferValidatorProtocol": {"executed_lines": [], "summary": {"covered_lines": 0, "num_statements": 0, "percent_covered": 100.0, "percent_covered_display": "100", "missing_lines": 0, "excluded_lines": 1}, "missing_lines": [], "excluded_lines": [21]}, "OfferValidator": {"executed_lines": [28, 29, 30, 31, 32, 33, 34], "summary": {"covered_lines": 7, "num_statements": 7, "percent_covered": 100.0, "percent_covered_display": "100", "missing_lines": 0, "excluded_lines": 0}, "missing_lines": [], "excluded_lines": []}, "Offer": {"executed_lines": [58, 59, 60, 61, 65, 69, 73, 91, 112, 113, 114, 115, 118, 119, 120, 121, 122, 125, 126, 127, 128, 129, 132, 133, 135, 139, 140, 141, 143, 144, 146], "summary": {"covered_lines": 31, "num_statements": 32, "percent_covered": 96.875, "percent_covered_display": "97", "missing_lines": 1, "excluded_lines": 0}, "missing_lines": [142], "excluded_lines": []}, "OfferBuilder": {"executed_lines": [155, 159, 160, 164, 165, 169, 170, 174, 175, 179, 180, 184, 185, 186, 190, 191, 192, 193, 197, 198, 202, 203, 204, 208, 209, 213, 214, 218, 219, 221, 222, 223, 227, 228, 229], "summary": {"covered_lines": 35, "num_statements": 35, "percent_covered": 100.0, "percent_covered_display": "100", "missing_lines": 0, "excluded_lines": 0}, "missing_lines": [], "excluded_lines": []}, "OfferFactory": {"executed_lines": [237, 248, 261, 273, 280, 282], "summary": {"covered_lines": 6, "num_statements": 6, "percent_covered": 100.0, "percent_covered_display": "100", "missing_lines": 0, "excluded_lines": 0}, "missing_lines": [], "excluded_lines": []}, "UserVisit": {"executed_lines": [316, 317, 318, 320, 321, 322, 326], "summary": {"covered_lines": 7, "num_statements": 7, "percent_covered": 100.0, "percent_covered_display": "100", "missing_lines": 0, "excluded_lines": 0}, "missing_lines": [], "excluded_lines": []}, "": {"executed_lines": [1, 4, 5, 6, 7, 8, 10, 11, 12, 13, 14, 16, 17, 19, 23, 24, 26, 36, 37, 38, 39, 40, 41, 42, 43, 44, 45, 46, 47, 48, 49, 50, 51, 52, 53, 54, 56, 63, 67, 71, 88, 89, 109, 137, 148, 149, 154, 157, 162, 167, 172, 177, 182, 188, 195, 200, 206, 211, 216, 225, 231, 232, 234, 235, 245, 246, 258, 259, 270, 271, 291, 292, 293, 294, 295, 296, 297, 298, 299, 300, 301, 302, 303, 304, 305, 306, 307, 308, 309, 310, 311, 312, 314, 324], "summary": {"covered_lines": 86, "num_statements": 86, "percent_covered": 100.0, "percent_covered_display": "100", "missing_lines": 0, "excluded_lines": 1}, "missing_lines": [], "excluded_lines": [22]}}}, "src/services/offers_service.py": {"executed_lines": [1, 4, 5, 6, 7, 8, 10, 11, 13, 14, 22, 24, 25, 30, 31, 35, 36, 40, 41, 43, 45, 46, 47, 48, 50, 52, 53, 55, 56, 58, 59, 60, 61, 63, 64, 66, 68, 70, 71, 74, 75, 78, 79, 82, 87, 88, 89, 92, 93, 96, 97, 98, 99, 100, 103, 104, 105, 106, 108, 126, 127, 129, 131, 133, 136, 137, 139, 140, 141, 142, 144, 145, 147, 149, 151, 152, 154, 157, 159, 160, 163, 169, 172, 174, 192, 193, 195, 197, 198, 200, 202, 206, 207, 209, 210, 211, 212, 214, 215, 217, 219, 221, 222, 223, 226, 227, 228, 230, 231, 234, 240, 243, 244, 246, 264, 265, 267, 273, 274, 276, 277, 278, 280, 281, 282, 284, 285, 287, 295, 296, 298, 300, 301, 303, 305, 313, 320, 322, 323, 324, 326, 327, 329, 331, 332, 338, 339, 340, 341, 347, 349, 359, 360, 362, 364, 365, 366, 367, 368, 369, 380, 382, 383, 384, 386, 392, 394, 404, 405, 406, 407, 417, 423, 430, 431, 432, 433, 440, 441, 443, 444], "summary": {"covered_lines": 174, "num_statements": 198, "percent_covered": 87.87878787878788, "percent_covered_display": "88", "missing_lines": 24, "excluded_lines": 0}, "missing_lines": [33, 38, 122, 123, 124, 188, 189, 190, 203, 260, 261, 262, 343, 344, 345, 388, 389, 390, 419, 420, 421, 446, 447, 448], "excluded_lines": [], "functions": {"OfferGenerationStrategy.generate_offers": {"executed_lines": [], "summary": {"covered_lines": 0, "num_statements": 1, "percent_covered": 0.0, "percent_covered_display": "0", "missing_lines": 1, "excluded_lines": 0}, "missing_lines": [33], "excluded_lines": []}, "OfferGenerationStrategy.should_generate_offers": {"executed_lines": [], "summary": {"covered_lines": 0, "num_statements": 1, "percent_covered": 0.0, "percent_covered_display": "0", "missing_lines": 1, "excluded_lines": 0}, "missing_lines": [38], "excluded_lines": []}, "StandardOfferStrategy.should_generate_offers": {"executed_lines": [45, 46, 47, 48], "summary": {"covered_lines": 4, "num_statements": 4, "percent_covered": 100.0, "percent_covered_display": "100", "missing_lines": 0, "excluded_lines": 0}, "missing_lines": [], "excluded_lines": []}, "StandardOfferStrategy.generate_offers": {"executed_lines": [52, 53, 55, 56, 58, 59, 60, 61, 63, 64], "summary": {"covered_lines": 10, "num_statements": 10, "percent_covered": 100.0, "percent_covered_display": "100", "missing_lines": 0, "excluded_lines": 0}, "missing_lines": [], "excluded_lines": []}, "StandardOfferStrategy._create_standard_offer": {"executed_lines": [68, 70, 71, 74, 75, 78, 79, 82, 87, 88, 89, 92, 93, 96, 97, 98, 99, 100, 103, 104, 105, 106, 108], "summary": {"covered_lines": 23, "num_statements": 26, "percent_covered": 88.46153846153847, "percent_covered_display": "88", "missing_lines": 3, "excluded_lines": 0}, "missing_lines": [122, 123, 124], "excluded_lines": []}, "AggressiveOfferStrategy.should_generate_offers": {"executed_lines": [131], "summary": {"covered_lines": 1, "num_statements": 1, "percent_covered": 100.0, "percent_covered_display": "100", "missing_lines": 0, "excluded_lines": 0}, "missing_lines": [], "excluded_lines": []}, "AggressiveOfferStrategy.generate_offers": {"executed_lines": [136, 137, 139, 140, 141, 142, 144, 145], "summary": {"covered_lines": 8, "num_statements": 8, "percent_covered": 100.0, "percent_covered_display": "100", "missing_lines": 0, "excluded_lines": 0}, "missing_lines": [], "excluded_lines": []}, "AggressiveOfferStrategy._create_aggressive_offer": {"executed_lines": [149, 151, 152, 154, 157, 159, 160, 163, 169, 172, 174], "summary": {"covered_lines": 11, "num_statements": 14, "percent_covered": 78.57142857142857, "percent_covered_display": "79", "missing_lines": 3, "excluded_lines": 0}, "missing_lines": [188, 189, 190], "excluded_lines": []}, "ConservativeOfferStrategy.should_generate_offers": {"executed_lines": [197, 198], "summary": {"covered_lines": 2, "num_statements": 2, "percent_covered": 100.0, "percent_covered_display": "100", "missing_lines": 0, "excluded_lines": 0}, "missing_lines": [], "excluded_lines": []}, "ConservativeOfferStrategy.generate_offers": {"executed_lines": [202, 206, 207, 209, 210, 211, 212, 214, 215], "summary": {"covered_lines": 9, "num_statements": 10, "percent_covered": 90.0, "percent_covered_display": "90", "missing_lines": 1, "excluded_lines": 0}, "missing_lines": [203], "excluded_lines": []}, "ConservativeOfferStrategy._create_conservative_offer": {"executed_lines": [219, 221, 222, 223, 226, 227, 228, 230, 231, 234, 240, 243, 244, 246], "summary": {"covered_lines": 14, "num_statements": 17, "percent_covered": 82.3529411764706, "percent_covered_display": "82", "missing_lines": 3, "excluded_lines": 0}, "missing_lines": [260, 261, 262], "excluded_lines": []}, "OfferStrategyFactory.create_strategy": {"executed_lines": [276, 277, 278, 280, 281, 282], "summary": {"covered_lines": 6, "num_statements": 6, "percent_covered": 100.0, "percent_covered_display": "100", "missing_lines": 0, "excluded_lines": 0}, "missing_lines": [], "excluded_lines": []}, "OffersService.__init__": {"executed_lines": [295, 296], "summary": {"covered_lines": 2, "num_statements": 2, "percent_covered": 100.0, "percent_covered_display": "100", "missing_lines": 0, "excluded_lines": 0}, "missing_lines": [], "excluded_lines": []}, "OffersService.set_strategy": {"executed_lines": [300, 301], "summary": {"covered_lines": 2, "num_statements": 2, "percent_covered": 100.0, "percent_covered_display": "100", "missing_lines": 0, "excluded_lines": 0}, "missing_lines": [], "excluded_lines": []}, "OffersService.get_connection": {"executed_lines": [305], "summary": {"covered_lines": 1, "num_statements": 1, "percent_covered": 100.0, "percent_covered_display": "100", "missing_lines": 0, "excluded_lines": 0}, "missing_lines": [], "excluded_lines": []}, "OffersService.generate_offers_for_all_shops": {"executed_lines": [320, 322, 323, 324, 326, 327, 329, 331, 332, 338, 339, 340, 341, 347], "summary": {"covered_lines": 14, "num_statements": 17, "percent_covered": 82.3529411764706, "percent_covered_display": "82", "missing_lines": 3, "excluded_lines": 0}, "missing_lines": [343, 344, 345], "excluded_lines": []}, "OffersService.insert_offers": {"executed_lines": [359, 360, 362, 364, 365, 366, 367, 368, 369, 380, 382, 383, 384, 386, 392], "summary": {"covered_lines": 15, "num_statements": 18, "percent_covered": 83.33333333333333, "percent_covered_display": "83", "missing_lines": 3, "excluded_lines": 0}, "missing_lines": [388, 389, 390], "excluded_lines": []}, "OffersService.get_active_offers_for_shop": {"executed_lines": [404, 405, 406, 407, 417], "summary": {"covered_lines": 5, "num_statements": 8, "percent_covered": 62.5, "percent_covered_display": "62", "missing_lines": 3, "excluded_lines": 0}, "missing_lines": [419, 420, 421], "excluded_lines": []}, "OffersService.cleanup_expired_offers": {"executed_lines": [430, 431, 432, 433, 440, 441, 443, 444], "summary": {"covered_lines": 8, "num_statements": 11, "percent_covered": 72.72727272727273, "percent_covered_display": "73", "missing_lines": 3, "excluded_lines": 0}, "missing_lines": [446, 447, 448], "excluded_lines": []}, "": {"executed_lines": [1, 4, 5, 6, 7, 8, 10, 11, 13, 14, 22, 24, 25, 30, 31, 35, 36, 40, 41, 43, 50, 66, 126, 127, 129, 133, 147, 192, 193, 195, 200, 217, 264, 265, 267, 273, 274, 284, 285, 287, 298, 303, 313, 349, 394, 423], "summary": {"covered_lines": 39, "num_statements": 39, "percent_covered": 100.0, "percent_covered_display": "100", "missing_lines": 0, "excluded_lines": 0}, "missing_lines": [], "excluded_lines": []}}, "classes": {"OfferGenerationStrategy": {"executed_lines": [], "summary": {"covered_lines": 0, "num_statements": 2, "percent_covered": 0.0, "percent_covered_display": "0", "missing_lines": 2, "excluded_lines": 0}, "missing_lines": [33, 38], "excluded_lines": []}, "StandardOfferStrategy": {"executed_lines": [45, 46, 47, 48, 52, 53, 55, 56, 58, 59, 60, 61, 63, 64, 68, 70, 71, 74, 75, 78, 79, 82, 87, 88, 89, 92, 93, 96, 97, 98, 99, 100, 103, 104, 105, 106, 108], "summary": {"covered_lines": 37, "num_statements": 40, "percent_covered": 92.5, "percent_covered_display": "92", "missing_lines": 3, "excluded_lines": 0}, "missing_lines": [122, 123, 124], "excluded_lines": []}, "AggressiveOfferStrategy": {"executed_lines": [131, 136, 137, 139, 140, 141, 142, 144, 145, 149, 151, 152, 154, 157, 159, 160, 163, 169, 172, 174], "summary": {"covered_lines": 20, "num_statements": 23, "percent_covered": 86.95652173913044, "percent_covered_display": "87", "missing_lines": 3, "excluded_lines": 0}, "missing_lines": [188, 189, 190], "excluded_lines": []}, "ConservativeOfferStrategy": {"executed_lines": [197, 198, 202, 206, 207, 209, 210, 211, 212, 214, 215, 219, 221, 222, 223, 226, 227, 228, 230, 231, 234, 240, 243, 244, 246], "summary": {"covered_lines": 25, "num_statements": 29, "percent_covered": 86.20689655172414, "percent_covered_display": "86", "missing_lines": 4, "excluded_lines": 0}, "missing_lines": [203, 260, 261, 262], "excluded_lines": []}, "OfferStrategyFactory": {"executed_lines": [276, 277, 278, 280, 281, 282], "summary": {"covered_lines": 6, "num_statements": 6, "percent_covered": 100.0, "percent_covered_display": "100", "missing_lines": 0, "excluded_lines": 0}, "missing_lines": [], "excluded_lines": []}, "OffersService": {"executed_lines": [295, 296, 300, 301, 305, 320, 322, 323, 324, 326, 327, 329, 331, 332, 338, 339, 340, 341, 347, 359, 360, 362, 364, 365, 366, 367, 368, 369, 380, 382, 383, 384, 386, 392, 404, 405, 406, 407, 417, 430, 431, 432, 433, 440, 441, 443, 444], "summary": {"covered_lines": 47, "num_statements": 59, "percent_covered": 79.66101694915254, "percent_covered_display": "80", "missing_lines": 12, "excluded_lines": 0}, "missing_lines": [343, 344, 345, 388, 389, 390, 419, 420, 421, 446, 447, 448], "excluded_lines": []}, "": {"executed_lines": [1, 4, 5, 6, 7, 8, 10, 11, 13, 14, 22, 24, 25, 30, 31, 35, 36, 40, 41, 43, 50, 66, 126, 127, 129, 133, 147, 192, 193, 195, 200, 217, 264, 265, 267, 273, 274, 284, 285, 287, 298, 303, 313, 349, 394, 423], "summary": {"covered_lines": 39, "num_statements": 39, "percent_covered": 100.0, "percent_covered_display": "100", "missing_lines": 0, "excluded_lines": 0}, "missing_lines": [], "excluded_lines": []}}}, "src/utils/logger_config.py": {"executed_lines": [2, 3, 4, 5, 6, 7, 9, 18, 21, 23, 61, 66, 67, 70, 71, 74, 75, 78, 81], "summary": {"covered_lines": 19, "num_statements": 33, "percent_covered": 57.57575757575758, "percent_covered_display": "58", "missing_lines": 14, "excluded_lines": 0}, "missing_lines": [25, 26, 27, 40, 41, 44, 45, 50, 51, 52, 53, 54, 56, 58], "excluded_lines": [], "functions": {"setup_logging": {"executed_lines": [18, 21, 23, 61, 66, 67, 70, 71, 74, 75, 78, 81], "summary": {"covered_lines": 12, "num_statements": 15, "percent_covered": 80.0, "percent_covered_display": "80", "missing_lines": 3, "excluded_lines": 0}, "missing_lines": [25, 26, 58], "excluded_lines": []}, "setup_logging.JsonFormatter.format": {"executed_lines": [], "summary": {"covered_lines": 0, "num_statements": 11, "percent_covered": 0.0, "percent_covered_display": "0", "missing_lines": 11, "excluded_lines": 0}, "missing_lines": [27, 40, 41, 44, 45, 50, 51, 52, 53, 54, 56], "excluded_lines": []}, "": {"executed_lines": [2, 3, 4, 5, 6, 7, 9], "summary": {"covered_lines": 7, "num_statements": 7, "percent_covered": 100.0, "percent_covered_display": "100", "missing_lines": 0, "excluded_lines": 0}, "missing_lines": [], "excluded_lines": []}}, "classes": {"setup_logging.JsonFormatter": {"executed_lines": [], "summary": {"covered_lines": 0, "num_statements": 11, "percent_covered": 0.0, "percent_covered_display": "0", "missing_lines": 11, "excluded_lines": 0}, "missing_lines": [27, 40, 41, 44, 45, 50, 51, 52, 53, 54, 56], "excluded_lines": []}, "": {"executed_lines": [2, 3, 4, 5, 6, 7, 9, 18, 21, 23, 61, 66, 67, 70, 71, 74, 75, 78, 81], "summary": {"covered_lines": 19, "num_statements": 22, "percent_covered": 86.36363636363636, "percent_covered_display": "86", "missing_lines": 3, "excluded_lines": 0}, "missing_lines": [25, 26, 58], "excluded_lines": []}}}}, "totals": {"covered_lines": 998, "num_statements": 1499, "percent_covered": 66.57771847898599, "percent_covered_display": "67", "missing_lines": 501, "excluded_lines": 12}}